<?xml version="1.0" encoding="UTF-8"?>
<testng-results skipped="0" failed="0" ignored="0" total="1" passed="1">
  <reporter-output>
  </reporter-output>
  <suite name="Default suite" duration-ms="8290" started-at="2019-01-24T04:41:29Z" finished-at="2019-01-24T04:41:37Z">
    <groups>
    </groups>
    <test name="Default test" duration-ms="8290" started-at="2019-01-24T04:41:29Z" finished-at="2019-01-24T04:41:37Z">
      <class name="com.saucedemo.saucetest.SauceDemo_Test">
        <test-method status="PASS" signature="setUp()[pri:0, instance:com.saucedemo.saucetest.SauceDemo_Test@1bce4f0a]" name="setUp" is-config="true" duration-ms="2885" started-at="2019-01-24T04:41:29Z" finished-at="2019-01-24T04:41:32Z">
          <reporter-output>
          </reporter-output>
        </test-method> <!-- setUp -->
        <test-method status="PASS" signature="saucedemoTesting(java.lang.String, java.lang.String)[pri:0, instance:com.saucedemo.saucetest.SauceDemo_Test@1bce4f0a]" name="saucedemoTesting" duration-ms="4793" started-at="2019-01-24T04:41:32Z" data-provider="loginData" finished-at="2019-01-24T04:41:37Z">
          <params>
            <param index="0">
              <value>
                <![CDATA[standard_user]]>
              </value>
            </param>
            <param index="1">
              <value>
                <![CDATA[secret_sauce]]>
              </value>
            </param>
          </params>
          <reporter-output>
          </reporter-output>
        </test-method> <!-- saucedemoTesting -->
        <test-method status="PASS" signature="tearDown()[pri:0, instance:com.saucedemo.saucetest.SauceDemo_Test@1bce4f0a]" name="tearDown" is-config="true" duration-ms="597" started-at="2019-01-24T04:41:37Z" finished-at="2019-01-24T04:41:37Z">
          <reporter-output>
          </reporter-output>
        </test-method> <!-- tearDown -->
      </class> <!-- com.saucedemo.saucetest.SauceDemo_Test -->
    </test> <!-- Default test -->
  </suite> <!-- Default suite -->
</testng-results>
